<?xml version="1.0" encoding="UTF-8"?>
<!-- Generated by org.testng.reporters.JUnitXMLReporter -->
<testsuite ignored="0" hostname="DESKTOP-HBGLQ0J" failures="1" tests="3" name="MyStore Test Cases" time="20.325" errors="0" timestamp="2023-03-31T00:41:30 IST">
  <testcase classname="com.mystore.testcases.Search" name="verifySearchWithValidProduct" time="1.493"/>
  <testcase classname="com.mystore.testcases.Search" name="verifySearchWithInValidProduct" time="1.02">
    <failure type="java.lang.AssertionError" message="No Product message in search results is displayed expected [There is a product that matches the search criteria.] but found [There is no product that matches the search criteria.]">
      <![CDATA[java.lang.AssertionError: No Product message in search results is displayed expected [There is a product that matches the search criteria.] but found [There is no product that matches the search criteria.]
at com.mystore.testcases.Search.verifySearchWithInValidProduct(Search.java:58)
at java.base/java.util.ArrayList.forEach(ArrayList.java:1511)
... Removed 30 stack frames]]>
    </failure>
  </testcase> <!-- verifySearchWithInValidProduct -->
  <testcase classname="com.mystore.testcases.Search" name="verifySearchWithoutAnyProduct" time="0.0">
    <skipped/>
  </testcase> <!-- verifySearchWithoutAnyProduct -->
</testsuite> <!-- MyStore Test Cases -->
